------------------------------------------------------------------------------------------------------------------------

[2013-01-31 13:37:10 #1 store] 
Database 'C:\Users\Dave\Documents\GitHub\team-awesomer-monster-mash\groupProject\build\web\WEB-INF\db\person.odb' has been recovered (tr. 1-7)

[2013-01-31 13:37:10 #2 store] 
Database 'C:\Users\Dave\Documents\GitHub\team-awesomer-monster-mash\groupProject\build\web\WEB-INF\db\person.odb' is opened by 8344@Dave-MSI

[2013-01-31 13:37:33 #3 store] 
Database 'C:\Users\Dave\Documents\GitHub\team-awesomer-monster-mash\groupProject\build\web\WEB-INF\db\person.odb' is closed by 8344@Dave-MSI

------------------------------------------------------------------------------------------------------------------------

[2013-01-31 22:36:41 #1 store] 
Database 'C:\Users\Dave\Documents\GitHub\team-awesomer-monster-mash\groupProject\build\web\WEB-INF\db\person.odb' is opened by 7656@Dave-MSI

[2013-01-31 22:37:13 #2 store] 
Database 'C:\Users\Dave\Documents\GitHub\team-awesomer-monster-mash\groupProject\build\web\WEB-INF\db\person.odb' is closed by 7656@Dave-MSI

[2013-01-31 22:37:13 #3 store] 
Database 'C:\Users\Dave\Documents\GitHub\team-awesomer-monster-mash\groupProject\build\web\WEB-INF\db\monster.odb' is opened by 7656@Dave-MSI

[2013-01-31 22:38:05 #4 store] 
Database 'C:\Users\Dave\Documents\GitHub\team-awesomer-monster-mash\groupProject\build\web\WEB-INF\db\monster.odb' is closed by 7656@Dave-MSI

------------------------------------------------------------------------------------------------------------------------

[2013-01-31 22:38:07 #1 store] 
Database 'C:\Users\Dave\Documents\GitHub\team-awesomer-monster-mash\groupProject\build\web\WEB-INF\db\monster.odb' is opened by 8084@Dave-MSI

[2013-01-31 22:38:22 #2 store] 
Database 'C:\Users\Dave\Documents\GitHub\team-awesomer-monster-mash\groupProject\build\web\WEB-INF\db\monster.odb' is closed by 8084@Dave-MSI

[2013-01-31 22:38:22 #3 store] 
Database 'C:\Users\Dave\Documents\GitHub\team-awesomer-monster-mash\groupProject\build\web\WEB-INF\db\person.odb' is opened by 8084@Dave-MSI

[2013-01-31 22:38:37 #4 store] 
Database 'C:\Users\Dave\Documents\GitHub\team-awesomer-monster-mash\groupProject\build\web\WEB-INF\db\person.odb' is closed by 8084@Dave-MSI

------------------------------------------------------------------------------------------------------------------------

[2013-01-31 22:40:47 #1 store] 
Database 'C:\Users\Dave\Documents\GitHub\team-awesomer-monster-mash\groupProject\build\web\WEB-INF\db\person.odb' is opened by 6704@Dave-MSI

[2013-01-31 22:42:04 #2 store] 
Database 'C:\Users\Dave\Documents\GitHub\team-awesomer-monster-mash\groupProject\build\web\WEB-INF\db\person.odb' is closed by 6704@Dave-MSI

------------------------------------------------------------------------------------------------------------------------

[2013-01-31 22:48:47 #1 store] 
Database 'C:\Users\Dave\Documents\GitHub\team-awesomer-monster-mash\groupProject\build\web\WEB-INF\db\person.odb' has been recovered (tr. 12-21)

[2013-01-31 22:48:47 #2 store] 
Database 'C:\Users\Dave\Documents\GitHub\team-awesomer-monster-mash\groupProject\build\web\WEB-INF\db\person.odb' is opened by 8600@Dave-MSI

[2013-01-31 22:49:04 #3 store] 
Database 'C:\Users\Dave\Documents\GitHub\team-awesomer-monster-mash\groupProject\build\web\WEB-INF\db\person.odb' is closed by 8600@Dave-MSI

[2013-01-31 22:49:04 #4 store] 
Database 'C:\Users\Dave\Documents\GitHub\team-awesomer-monster-mash\groupProject\build\web\WEB-INF\db\monster.odb' has been recovered (tr. 17-21)

[2013-01-31 22:49:04 #5 store] 
Database 'C:\Users\Dave\Documents\GitHub\team-awesomer-monster-mash\groupProject\build\web\WEB-INF\db\monster.odb' is opened by 8600@Dave-MSI

[2013-01-31 22:50:32 #6 store] 
Database 'C:\Users\Dave\Documents\GitHub\team-awesomer-monster-mash\groupProject\build\web\WEB-INF\db\monster.odb' is closed by 8600@Dave-MSI

------------------------------------------------------------------------------------------------------------------------

[2013-01-31 22:53:29 #1 store] 
Database 'C:\Users\Dave\Documents\GitHub\team-awesomer-monster-mash\groupProject\build\web\WEB-INF\db\person.odb' has been recovered (tr. 22-23)

[2013-01-31 22:53:29 #2 store] 
Database 'C:\Users\Dave\Documents\GitHub\team-awesomer-monster-mash\groupProject\build\web\WEB-INF\db\person.odb' is opened by 7664@Dave-MSI

[2013-01-31 22:53:51 #3 store] 
Database 'C:\Users\Dave\Documents\GitHub\team-awesomer-monster-mash\groupProject\build\web\WEB-INF\db\person.odb' is closed by 7664@Dave-MSI

[2013-01-31 22:53:51 #4 store] 
Database 'C:\Users\Dave\Documents\GitHub\team-awesomer-monster-mash\groupProject\build\web\WEB-INF\db\monster.odb' has been recovered (tr. 24-24)

[2013-01-31 22:53:51 #5 store] 
Database 'C:\Users\Dave\Documents\GitHub\team-awesomer-monster-mash\groupProject\build\web\WEB-INF\db\monster.odb' is opened by 7664@Dave-MSI

[2013-01-31 22:54:30 #6 store] 
Database 'C:\Users\Dave\Documents\GitHub\team-awesomer-monster-mash\groupProject\build\web\WEB-INF\db\monster.odb' is closed by 7664@Dave-MSI

------------------------------------------------------------------------------------------------------------------------

[2013-01-31 23:20:58 #1 store] 
Database 'C:\Users\Dave\Documents\GitHub\team-awesomer-monster-mash\groupProject\build\web\WEB-INF\db\monster.odb' has been recovered (tr. 32-36)

[2013-01-31 23:20:58 #2 store] 
Database 'C:\Users\Dave\Documents\GitHub\team-awesomer-monster-mash\groupProject\build\web\WEB-INF\db\monster.odb' is opened by 7332@Dave-MSI

[2013-01-31 23:21:26 #3 store] 
Database 'C:\Users\Dave\Documents\GitHub\team-awesomer-monster-mash\groupProject\build\web\WEB-INF\db\monster.odb' is closed by 7332@Dave-MSI

[2013-01-31 23:21:26 #4 store] 
Database 'C:\Users\Dave\Documents\GitHub\team-awesomer-monster-mash\groupProject\build\web\WEB-INF\db\person.odb' is opened by 7332@Dave-MSI

[2013-01-31 23:22:17 #5 store] 
Database 'C:\Users\Dave\Documents\GitHub\team-awesomer-monster-mash\groupProject\build\web\WEB-INF\db\person.odb' is closed by 7332@Dave-MSI

------------------------------------------------------------------------------------------------------------------------

[2013-01-31 23:24:27 #1 store] 
Database 'C:\Users\Dave\Documents\GitHub\team-awesomer-monster-mash\groupProject\build\web\WEB-INF\db\monster.odb' has been recovered (tr. 40-41)

[2013-01-31 23:24:27 #2 store] 
Database 'C:\Users\Dave\Documents\GitHub\team-awesomer-monster-mash\groupProject\build\web\WEB-INF\db\monster.odb' is opened by 7708@Dave-MSI

[2013-01-31 23:24:37 #3 store] 
Database 'C:\Users\Dave\Documents\GitHub\team-awesomer-monster-mash\groupProject\build\web\WEB-INF\db\monster.odb' is closed by 7708@Dave-MSI

[2013-01-31 23:24:37 #4 store] 
Database 'C:\Users\Dave\Documents\GitHub\team-awesomer-monster-mash\groupProject\build\web\WEB-INF\db\person.odb' has been recovered (tr. 32-33)

[2013-01-31 23:24:37 #5 store] 
Database 'C:\Users\Dave\Documents\GitHub\team-awesomer-monster-mash\groupProject\build\web\WEB-INF\db\person.odb' is opened by 7708@Dave-MSI

[2013-01-31 23:24:45 #6 store] 
Database 'C:\Users\Dave\Documents\GitHub\team-awesomer-monster-mash\groupProject\build\web\WEB-INF\db\person.odb' is closed by 7708@Dave-MSI

------------------------------------------------------------------------------------------------------------------------

[2013-01-31 23:36:30 #1 store] 
Database 'C:\Users\Dave\Documents\GitHub\team-awesomer-monster-mash\groupProject\build\web\WEB-INF\db\monster.odb' is opened by 9572@Dave-MSI

[2013-01-31 23:37:02 #2 store] 
Database 'C:\Users\Dave\Documents\GitHub\team-awesomer-monster-mash\groupProject\build\web\WEB-INF\db\monster.odb' is closed by 9572@Dave-MSI

