------------------------------------------------------------------------------------------------------------------------

[2013-01-29 00:48:50 #1 store] 
Database 'C:\Users\thomas\Documents\GitHub\team-awesomer-monster-mash\objectdb-2.4.4_16\db\monster.odb' is opened by 2232@billybob2

[2013-01-29 00:48:51 #2 type] 
Type database.Monster is not enhanced.

------------------------------------------------------------------------------------------------------------------------

[2013-01-29 00:52:22 #1 store] 
Database 'C:\Users\thomas\Documents\GitHub\team-awesomer-monster-mash\objectdb-2.4.4_16\db\monster.odb' has been recovered (tr. 1-3)

[2013-01-29 00:52:22 #2 store] 
Database 'C:\Users\thomas\Documents\GitHub\team-awesomer-monster-mash\objectdb-2.4.4_16\db\monster.odb' is opened by 1972@billybob2

[2013-01-29 00:52:22 #3 type] 
Type database.Monster is not enhanced.

------------------------------------------------------------------------------------------------------------------------

[2013-01-29 00:53:17 #1 store] 
Database 'C:\Users\thomas\Documents\GitHub\team-awesomer-monster-mash\objectdb-2.4.4_16\db\monster.odb' is opened by 4368@billybob2

[2013-01-29 00:53:17 #2 type] 
Type database.Monster is not enhanced.

------------------------------------------------------------------------------------------------------------------------

[2013-01-29 00:54:26 #1 store] 
Database 'C:\Users\thomas\Documents\GitHub\team-awesomer-monster-mash\objectdb-2.4.4_16\db\monster.odb' is opened by 5972@billybob2

[2013-01-29 00:54:26 #2 type] 
Type database.Monster is not enhanced.

