------------------------------------------------------------------------------------------------------------------------

[2012-12-04 18:16:25 #1 store] 
Database 'C:\objectdb\objectdb-2.4.4_16\db\person.odb' is opened by 872@billybob2

[2012-12-04 18:16:26 #2 type] 
Type database.Person is not enhanced.

------------------------------------------------------------------------------------------------------------------------

[2012-12-04 18:24:33 #1 store] 
Database 'C:\objectdb\objectdb-2.4.4_16\db\person.odb' has been recovered (tr. 1-3)

[2012-12-04 18:24:33 #2 store] 
Database 'C:\objectdb\objectdb-2.4.4_16\db\person.odb' is opened by 3052@billybob2

[2012-12-04 18:24:33 #3 type] 
Type database.Person is not enhanced.

------------------------------------------------------------------------------------------------------------------------

[2012-12-04 18:28:10 #1 store] 
Database 'C:\objectdb\objectdb-2.4.4_16\db\person.odb' is opened by 5900@billybob2

[2012-12-04 18:28:10 #2 type] 
Type database.Person is not enhanced.

------------------------------------------------------------------------------------------------------------------------

[2012-12-04 18:39:10 #1 store] 
Database 'C:\objectdb\objectdb-2.4.4_16\db\person.odb' is opened by 3376@billybob2

[2012-12-04 18:39:10 #2 type] 
Type database.Person is not enhanced.

------------------------------------------------------------------------------------------------------------------------

[2012-12-04 18:39:35 #1 store] 
Database 'C:\objectdb\objectdb-2.4.4_16\db\person.odb' is opened by 6036@billybob2

[2012-12-04 18:39:36 #2 type] 
Type database.Person is not enhanced.

------------------------------------------------------------------------------------------------------------------------

[2012-12-04 18:40:08 #1 store] 
Database 'C:\objectdb\objectdb-2.4.4_16\db\person.odb' is opened by 6988@billybob2

[2012-12-04 18:40:08 #2 type] 
Type database.Person is not enhanced.

------------------------------------------------------------------------------------------------------------------------

[2012-12-04 19:01:47 #1 store] 
Database 'C:\objectdb\objectdb-2.4.4_16\db\person.odb' is opened by 6320@billybob2

[2012-12-04 19:01:47 #2 type] 
Type database.Person is not enhanced.

------------------------------------------------------------------------------------------------------------------------

[2012-12-04 19:05:17 #1 store] 
Database 'C:\objectdb\objectdb-2.4.4_16\db\person.odb' has been recovered (tr. 4-4)

[2012-12-04 19:05:17 #2 store] 
Database 'C:\objectdb\objectdb-2.4.4_16\db\person.odb' is opened by 5928@billybob2

[2012-12-04 19:07:59 #3 store] 
Database 'C:\objectdb\objectdb-2.4.4_16\db\person.odb' is closed by 5928@billybob2

------------------------------------------------------------------------------------------------------------------------

[2012-12-04 19:08:30 #1 store] 
Database 'C:\objectdb\objectdb-2.4.4_16\db\person.odb' is opened by 3656@billybob2

[2012-12-04 19:08:30 #2 type] 
Type database.Person is not enhanced.

------------------------------------------------------------------------------------------------------------------------

[2012-12-04 19:08:52 #1 store] 
Database 'C:\objectdb\objectdb-2.4.4_16\db\person.odb' is opened by 1528@billybob2

[2012-12-04 19:08:52 #2 type] 
Type database.Person is not enhanced.

------------------------------------------------------------------------------------------------------------------------

[2012-12-04 19:09:01 #1 store] 
Database 'C:\objectdb\objectdb-2.4.4_16\db\person.odb' is opened by 1408@billybob2

[2012-12-04 19:09:01 #2 type] 
Type database.Person is not enhanced.

------------------------------------------------------------------------------------------------------------------------

[2012-12-04 19:10:18 #1 store] 
Database 'C:\objectdb\objectdb-2.4.4_16\db\person.odb' is opened by 5396@billybob2

[2012-12-04 19:10:18 #2 type] 
Type database.Person is not enhanced.

------------------------------------------------------------------------------------------------------------------------

[2012-12-04 19:19:17 #1 store] 
Database 'C:\objectdb\objectdb-2.4.4_16\db\person.odb' is opened by 4200@billybob2

[2012-12-04 19:19:17 #2 type] 
Type database.Person is not enhanced.

